<?xml version="1.0" encoding="UTF-8"?>
<!-- Generated by org.testng.reporters.JUnitXMLReporter -->
<testsuite ignored="0" hostname="Girish_PC" failures="0" tests="5" name="RegressionTest" time="18.702" errors="0" timestamp="2024-02-18T18:00:06 EST">
  <testcase classname="com.salesforce.automationtests.LoginTest" name="CheckRemeberMe_TC3" time="5.841"/>
  <testcase classname="com.salesforce.automationtests.LoginTest" name="ForgotPassword_TC4A" time="0.832"/>
  <testcase classname="com.salesforce.automationtests.LoginTest" name="LoginErrorMessage_TC1" time="0.797"/>
  <testcase classname="com.salesforce.automationtests.LoginTest" name="LoginToSalesForce_TC2" time="2.921"/>
  <testcase classname="com.salesforce.automationtests.LoginTest" name="ValidateLoginErrorMessage_TC4B" time="0.352"/>
</testsuite> <!-- RegressionTest -->
