<?xml version="1.0" encoding="UTF-8"?>
<testsuite xmlns:xsi="http://www.w3.org/2001/XMLSchema-instance" xsi:noNamespaceSchemaLocation="https://maven.apache.org/surefire/maven-surefire-plugin/xsd/surefire-test-report-3.0.xsd" version="3.0" name="TestSuite" time="24.524" tests="5" errors="0" skipped="0" failures="0">
  <properties>
[...]
</properties>
  <testcase name="CheckRemeberMe_TC3" classname="com.salesforce.automationtests.LoginTest" time="6.06">
    <system-out><![CDATA[2024-02-19 19:00:10,905 INFO  SalesforceListenerUtility.java:45 - RegressionTest has started....................
2024-02-19 19:00:11,036 INFO  BaseSalesforceTest.java:38 - .........BeforeMethod setUpBeforeMethod executed---------------
2024-02-19 19:00:12,027 INFO  BaseSalesforceTest.java:56 - browser instance chrome created.
2024-02-19 19:00:12,145 INFO  BaseSalesforceTest.java:58 - window is maximized
2024-02-19 19:00:13,506 INFO  BaseSalesforceTest.java:92 - https://login.salesforce.com/ is entered
2024-02-19 19:00:13,508 INFO  SalesforceListenerUtility.java:19 - CheckRemeberMe_TC3.......test execution started........
2024-02-19 19:00:13,512 INFO  LoginTest.java:47 - *************CheckRemeberMe_TC3 Started**************
2024-02-19 19:00:13,711 INFO  BasePage.java:38 - Data is entered in username textbox
2024-02-19 19:00:13,867 INFO  BasePage.java:38 - Data is entered in password textbox
2024-02-19 19:00:14,253 INFO  BasePage.java:57 - Remember Me button is clicked
2024-02-19 19:00:16,006 INFO  BasePage.java:57 - Login Button button is clicked
2024-02-19 19:00:16,007 INFO  BasePage.java:161 - waiting until page loads with 30 sec maximum
2024-02-19 19:00:17,197 INFO  BasePage.java:73 - Title of the current webpage is Home Page ~ Salesforce - Developer Edition
2024-02-19 19:00:17,292 INFO  BasePage.java:57 - User menu button is clicked
2024-02-19 19:00:17,519 INFO  BasePage.java:57 - Logout button is clicked
2024-02-19 19:00:19,524 INFO  BasePage.java:161 - waiting until page loads with 30 sec maximum
2024-02-19 19:00:19,550 INFO  BasePage.java:73 - Title of the current webpage is Login | Salesforce
]]></system-out>
    <system-err><![CDATA[SLF4J: No SLF4J providers were found.
SLF4J: Defaulting to no-operation (NOP) logger implementation
SLF4J: See https://www.slf4j.org/codes.html#noProviders for further details.
Starting ChromeDriver 121.0.6167.184 (057a8ae7deb3374d0f1b04b36304d236f0136188-refs/branch-heads/6167@{#1818}) on port 7428
Only local connections are allowed.
Please see https://chromedriver.chromium.org/security-considerations for suggestions on keeping ChromeDriver safe.
ChromeDriver was started successfully.
Feb 19, 2024 7:00:12 PM org.openqa.selenium.remote.ProtocolHandshake createSession
INFO: Detected dialect: W3C
]]></system-err>
  </testcase>
  <testcase name="ForgotPassword_TC4A" classname="com.salesforce.automationtests.LoginTest" time="0.933">
    <system-out><![CDATA[2024-02-19 19:00:19,572 INFO  SalesforceListenerUtility.java:26 - CheckRemeberMe_TC3.......test execution completed with success........
2024-02-19 19:00:19,668 INFO  BaseSalesforceTest.java:99 - Browser instance closed
2024-02-19 19:00:19,668 INFO  BaseSalesforceTest.java:47 - ******tearDownAfterTestMethod executed***********
2024-02-19 19:00:19,670 INFO  BaseSalesforceTest.java:38 - .........BeforeMethod setUpBeforeMethod executed---------------
2024-02-19 19:00:20,231 INFO  BaseSalesforceTest.java:56 - browser instance chrome created.
2024-02-19 19:00:20,370 INFO  BaseSalesforceTest.java:58 - window is maximized
2024-02-19 19:00:21,682 INFO  BaseSalesforceTest.java:92 - https://login.salesforce.com/ is entered
2024-02-19 19:00:21,682 INFO  SalesforceListenerUtility.java:19 - ForgotPassword_TC4A.......test execution started........
2024-02-19 19:00:21,682 INFO  LoginTest.java:74 - *************ForgotPassword_TC4A Started**************
2024-02-19 19:00:21,986 INFO  BasePage.java:57 - Forgot your password? button is clicked
2024-02-19 19:00:21,986 INFO  BasePage.java:161 - waiting until page loads with 30 sec maximum
2024-02-19 19:00:22,000 INFO  BasePage.java:73 - Title of the current webpage is Forgot Your Password | Salesforce
2024-02-19 19:00:22,169 INFO  BasePage.java:38 - Data is entered in username textbox
2024-02-19 19:00:22,591 INFO  BasePage.java:57 - Continue button is clicked
2024-02-19 19:00:22,615 INFO  BasePage.java:67 - Text is extracted from Password reset Message
]]></system-out>
    <system-err><![CDATA[Starting ChromeDriver 121.0.6167.184 (057a8ae7deb3374d0f1b04b36304d236f0136188-refs/branch-heads/6167@{#1818}) on port 23214
Only local connections are allowed.
Please see https://chromedriver.chromium.org/security-considerations for suggestions on keeping ChromeDriver safe.
ChromeDriver was started successfully.
Feb 19, 2024 7:00:20 PM org.openqa.selenium.remote.ProtocolHandshake createSession
INFO: Detected dialect: W3C
]]></system-err>
  </testcase>
  <testcase name="LoginErrorMessage_TC1" classname="com.salesforce.automationtests.LoginTest" time="0.892">
    <system-out><![CDATA[2024-02-19 19:00:22,615 INFO  SalesforceListenerUtility.java:26 - ForgotPassword_TC4A.......test execution completed with success........
2024-02-19 19:00:22,700 INFO  BaseSalesforceTest.java:99 - Browser instance closed
2024-02-19 19:00:22,700 INFO  BaseSalesforceTest.java:47 - ******tearDownAfterTestMethod executed***********
2024-02-19 19:00:22,710 INFO  BaseSalesforceTest.java:38 - .........BeforeMethod setUpBeforeMethod executed---------------
2024-02-19 19:00:23,240 INFO  BaseSalesforceTest.java:56 - browser instance chrome created.
2024-02-19 19:00:23,369 INFO  BaseSalesforceTest.java:58 - window is maximized
2024-02-19 19:00:24,674 INFO  BaseSalesforceTest.java:92 - https://login.salesforce.com/ is entered
2024-02-19 19:00:24,674 INFO  SalesforceListenerUtility.java:19 - LoginErrorMessage_TC1.......test execution started........
2024-02-19 19:00:24,675 INFO  LoginTest.java:20 - *************LoginErrorMessage_TC1 Started**************
2024-02-19 19:00:24,817 INFO  BasePage.java:38 - Data is entered in username textbox
2024-02-19 19:00:25,200 INFO  BasePage.java:38 - Data is entered in password textbox
2024-02-19 19:00:25,540 INFO  BasePage.java:57 - Login Button button is clicked
2024-02-19 19:00:25,567 INFO  BasePage.java:67 - Text is extracted from Error Message
]]></system-out>
    <system-err><![CDATA[Starting ChromeDriver 121.0.6167.184 (057a8ae7deb3374d0f1b04b36304d236f0136188-refs/branch-heads/6167@{#1818}) on port 51738
Only local connections are allowed.
Please see https://chromedriver.chromium.org/security-considerations for suggestions on keeping ChromeDriver safe.
ChromeDriver was started successfully.
Feb 19, 2024 7:00:23 PM org.openqa.selenium.remote.ProtocolHandshake createSession
INFO: Detected dialect: W3C
]]></system-err>
  </testcase>
  <testcase name="LoginToSalesForce_TC2" classname="com.salesforce.automationtests.LoginTest" time="4.34">
    <system-out><![CDATA[2024-02-19 19:00:25,567 INFO  SalesforceListenerUtility.java:26 - LoginErrorMessage_TC1.......test execution completed with success........
2024-02-19 19:00:25,613 INFO  BaseSalesforceTest.java:99 - Browser instance closed
2024-02-19 19:00:25,613 INFO  BaseSalesforceTest.java:47 - ******tearDownAfterTestMethod executed***********
2024-02-19 19:00:25,613 INFO  BaseSalesforceTest.java:38 - .........BeforeMethod setUpBeforeMethod executed---------------
2024-02-19 19:00:26,239 INFO  BaseSalesforceTest.java:56 - browser instance chrome created.
2024-02-19 19:00:26,370 INFO  BaseSalesforceTest.java:58 - window is maximized
2024-02-19 19:00:27,717 INFO  BaseSalesforceTest.java:92 - https://login.salesforce.com/ is entered
2024-02-19 19:00:27,718 INFO  SalesforceListenerUtility.java:19 - LoginToSalesForce_TC2.......test execution started........
2024-02-19 19:00:27,718 INFO  LoginTest.java:32 - *************LoginToSalesForce_TC2 Started**************
2024-02-19 19:00:27,888 INFO  BasePage.java:38 - Data is entered in username textbox
2024-02-19 19:00:28,040 INFO  BasePage.java:38 - Data is entered in password textbox
2024-02-19 19:00:30,691 INFO  BasePage.java:57 - Login Button button is clicked
2024-02-19 19:00:30,691 INFO  BasePage.java:161 - waiting until page loads with 30 sec maximum
2024-02-19 19:00:32,057 INFO  BasePage.java:73 - Title of the current webpage is Home Page ~ Salesforce - Developer Edition
]]></system-out>
    <system-err><![CDATA[Starting ChromeDriver 121.0.6167.184 (057a8ae7deb3374d0f1b04b36304d236f0136188-refs/branch-heads/6167@{#1818}) on port 19605
Only local connections are allowed.
Please see https://chromedriver.chromium.org/security-considerations for suggestions on keeping ChromeDriver safe.
ChromeDriver was started successfully.
Feb 19, 2024 7:00:26 PM org.openqa.selenium.remote.ProtocolHandshake createSession
INFO: Detected dialect: W3C
]]></system-err>
  </testcase>
  <testcase name="ValidateLoginErrorMessage_TC4B" classname="com.salesforce.automationtests.LoginTest" time="0.33">
    <system-out><![CDATA[2024-02-19 19:00:32,058 INFO  SalesforceListenerUtility.java:26 - LoginToSalesForce_TC2.......test execution completed with success........
2024-02-19 19:00:32,138 INFO  BaseSalesforceTest.java:99 - Browser instance closed
2024-02-19 19:00:32,139 INFO  BaseSalesforceTest.java:47 - ******tearDownAfterTestMethod executed***********
2024-02-19 19:00:32,140 INFO  BaseSalesforceTest.java:38 - .........BeforeMethod setUpBeforeMethod executed---------------
2024-02-19 19:00:32,667 INFO  BaseSalesforceTest.java:56 - browser instance chrome created.
2024-02-19 19:00:32,784 INFO  BaseSalesforceTest.java:58 - window is maximized
2024-02-19 19:00:34,161 INFO  BaseSalesforceTest.java:92 - https://login.salesforce.com/ is entered
2024-02-19 19:00:34,162 INFO  SalesforceListenerUtility.java:19 - ValidateLoginErrorMessage_TC4B.......test execution started........
2024-02-19 19:00:34,162 INFO  LoginTest.java:90 - *************ValidateLoginErrorMessage_TC4B Started**************
2024-02-19 19:00:34,259 INFO  BasePage.java:38 - Data is entered in username textbox
2024-02-19 19:00:34,349 INFO  BasePage.java:38 - Data is entered in password textbox
2024-02-19 19:00:34,471 INFO  BasePage.java:57 - Login Button button is clicked
2024-02-19 19:00:34,491 INFO  BasePage.java:67 - Text is extracted from Error Message
]]></system-out>
    <system-err><![CDATA[Starting ChromeDriver 121.0.6167.184 (057a8ae7deb3374d0f1b04b36304d236f0136188-refs/branch-heads/6167@{#1818}) on port 48222
Only local connections are allowed.
Please see https://chromedriver.chromium.org/security-considerations for suggestions on keeping ChromeDriver safe.
ChromeDriver was started successfully.
Feb 19, 2024 7:00:32 PM org.openqa.selenium.remote.ProtocolHandshake createSession
INFO: Detected dialect: W3C
]]></system-err>
  </testcase>
</testsuite>