<?xml version="1.0" encoding="UTF-8"?>
<testng-results ignored="0" total="5" passed="5" failed="0" skipped="0">
  <reporter-output>
  </reporter-output>
  <suite started-at="2024-02-19T19:00:10 EST" name="RegressionSuite" finished-at="2024-02-19T19:00:34 EST" duration-ms="23674">
    <groups>
    </groups>
    <test started-at="2024-02-19T19:00:10 EST" name="RegressionTest" finished-at="2024-02-19T19:00:34 EST" duration-ms="23674">
      <class name="com.salesforce.automationtests.LoginTest">
        <test-method is-config="true" signature="setUpBeforeMethod(java.lang.String)[pri:0, instance:com.salesforce.automationtests.LoginTest@7b84fcf8]" started-at="2024-02-19T19:00:11 EST" name="setUpBeforeMethod" finished-at="2024-02-19T19:00:13 EST" duration-ms="2476" status="PASS">
          <params>
            <param index="0">
              <value>
                <![CDATA[chrome]]>
              </value>
            </param>
          </params>
          <reporter-output>
          </reporter-output>
        </test-method> <!-- setUpBeforeMethod -->
        <test-method signature="CheckRemeberMe_TC3()[pri:0, instance:com.salesforce.automationtests.LoginTest@7b84fcf8]" started-at="2024-02-19T19:00:13 EST" name="CheckRemeberMe_TC3" finished-at="2024-02-19T19:00:19 EST" duration-ms="6065" status="PASS">
          <reporter-output>
          </reporter-output>
        </test-method> <!-- CheckRemeberMe_TC3 -->
        <test-method is-config="true" signature="tearDownAfterTestMethod()[pri:0, instance:com.salesforce.automationtests.LoginTest@7b84fcf8]" started-at="2024-02-19T19:00:19 EST" name="tearDownAfterTestMethod" finished-at="2024-02-19T19:00:19 EST" duration-ms="88" status="PASS">
          <reporter-output>
          </reporter-output>
        </test-method> <!-- tearDownAfterTestMethod -->
        <test-method is-config="true" signature="setUpBeforeMethod(java.lang.String)[pri:0, instance:com.salesforce.automationtests.LoginTest@7b84fcf8]" started-at="2024-02-19T19:00:19 EST" name="setUpBeforeMethod" finished-at="2024-02-19T19:00:21 EST" duration-ms="2014" status="PASS">
          <params>
            <param index="0">
              <value>
                <![CDATA[chrome]]>
              </value>
            </param>
          </params>
          <reporter-output>
          </reporter-output>
        </test-method> <!-- setUpBeforeMethod -->
        <test-method signature="ForgotPassword_TC4A()[pri:0, instance:com.salesforce.automationtests.LoginTest@7b84fcf8]" started-at="2024-02-19T19:00:21 EST" name="ForgotPassword_TC4A" finished-at="2024-02-19T19:00:22 EST" duration-ms="933" status="PASS">
          <reporter-output>
          </reporter-output>
        </test-method> <!-- ForgotPassword_TC4A -->
        <test-method is-config="true" signature="tearDownAfterTestMethod()[pri:0, instance:com.salesforce.automationtests.LoginTest@7b84fcf8]" started-at="2024-02-19T19:00:22 EST" name="tearDownAfterTestMethod" finished-at="2024-02-19T19:00:22 EST" duration-ms="85" status="PASS">
          <reporter-output>
          </reporter-output>
        </test-method> <!-- tearDownAfterTestMethod -->
        <test-method is-config="true" signature="setUpBeforeMethod(java.lang.String)[pri:0, instance:com.salesforce.automationtests.LoginTest@7b84fcf8]" started-at="2024-02-19T19:00:22 EST" name="setUpBeforeMethod" finished-at="2024-02-19T19:00:24 EST" duration-ms="1964" status="PASS">
          <params>
            <param index="0">
              <value>
                <![CDATA[chrome]]>
              </value>
            </param>
          </params>
          <reporter-output>
          </reporter-output>
        </test-method> <!-- setUpBeforeMethod -->
        <test-method signature="LoginErrorMessage_TC1()[pri:0, instance:com.salesforce.automationtests.LoginTest@7b84fcf8]" started-at="2024-02-19T19:00:24 EST" name="LoginErrorMessage_TC1" finished-at="2024-02-19T19:00:25 EST" duration-ms="893" status="PASS">
          <reporter-output>
          </reporter-output>
        </test-method> <!-- LoginErrorMessage_TC1 -->
        <test-method is-config="true" signature="tearDownAfterTestMethod()[pri:0, instance:com.salesforce.automationtests.LoginTest@7b84fcf8]" started-at="2024-02-19T19:00:25 EST" name="tearDownAfterTestMethod" finished-at="2024-02-19T19:00:25 EST" duration-ms="46" status="PASS">
          <reporter-output>
          </reporter-output>
        </test-method> <!-- tearDownAfterTestMethod -->
        <test-method is-config="true" signature="setUpBeforeMethod(java.lang.String)[pri:0, instance:com.salesforce.automationtests.LoginTest@7b84fcf8]" started-at="2024-02-19T19:00:25 EST" name="setUpBeforeMethod" finished-at="2024-02-19T19:00:27 EST" duration-ms="2105" status="PASS">
          <params>
            <param index="0">
              <value>
                <![CDATA[chrome]]>
              </value>
            </param>
          </params>
          <reporter-output>
          </reporter-output>
        </test-method> <!-- setUpBeforeMethod -->
        <test-method signature="LoginToSalesForce_TC2()[pri:0, instance:com.salesforce.automationtests.LoginTest@7b84fcf8]" started-at="2024-02-19T19:00:27 EST" name="LoginToSalesForce_TC2" finished-at="2024-02-19T19:00:32 EST" duration-ms="4339" status="PASS">
          <reporter-output>
          </reporter-output>
        </test-method> <!-- LoginToSalesForce_TC2 -->
        <test-method is-config="true" signature="tearDownAfterTestMethod()[pri:0, instance:com.salesforce.automationtests.LoginTest@7b84fcf8]" started-at="2024-02-19T19:00:32 EST" name="tearDownAfterTestMethod" finished-at="2024-02-19T19:00:32 EST" duration-ms="81" status="PASS">
          <reporter-output>
          </reporter-output>
        </test-method> <!-- tearDownAfterTestMethod -->
        <test-method is-config="true" signature="setUpBeforeMethod(java.lang.String)[pri:0, instance:com.salesforce.automationtests.LoginTest@7b84fcf8]" started-at="2024-02-19T19:00:32 EST" name="setUpBeforeMethod" finished-at="2024-02-19T19:00:34 EST" duration-ms="2023" status="PASS">
          <params>
            <param index="0">
              <value>
                <![CDATA[chrome]]>
              </value>
            </param>
          </params>
          <reporter-output>
          </reporter-output>
        </test-method> <!-- setUpBeforeMethod -->
        <test-method signature="ValidateLoginErrorMessage_TC4B()[pri:0, instance:com.salesforce.automationtests.LoginTest@7b84fcf8]" started-at="2024-02-19T19:00:34 EST" name="ValidateLoginErrorMessage_TC4B" finished-at="2024-02-19T19:00:34 EST" duration-ms="330" status="PASS">
          <reporter-output>
          </reporter-output>
        </test-method> <!-- ValidateLoginErrorMessage_TC4B -->
        <test-method is-config="true" signature="tearDownAfterTestMethod()[pri:0, instance:com.salesforce.automationtests.LoginTest@7b84fcf8]" started-at="2024-02-19T19:00:34 EST" name="tearDownAfterTestMethod" finished-at="2024-02-19T19:00:34 EST" duration-ms="77" status="PASS">
          <reporter-output>
          </reporter-output>
        </test-method> <!-- tearDownAfterTestMethod -->
      </class> <!-- com.salesforce.automationtests.LoginTest -->
    </test> <!-- RegressionTest -->
  </suite> <!-- RegressionSuite -->
</testng-results>
