<?xml version="1.0" encoding="UTF-8"?>
<!-- Generated by org.testng.reporters.JUnitXMLReporter -->
<testsuite ignored="0" hostname="Girish_PC" failures="0" tests="5" name="RegressionTest" time="23.674" errors="0" timestamp="2024-02-19T19:00:34 EST">
  <testcase classname="com.salesforce.automationtests.LoginTest" name="CheckRemeberMe_TC3" time="6.065"/>
  <testcase classname="com.salesforce.automationtests.LoginTest" name="ForgotPassword_TC4A" time="0.933"/>
  <testcase classname="com.salesforce.automationtests.LoginTest" name="LoginErrorMessage_TC1" time="0.893"/>
  <testcase classname="com.salesforce.automationtests.LoginTest" name="LoginToSalesForce_TC2" time="4.339"/>
  <testcase classname="com.salesforce.automationtests.LoginTest" name="ValidateLoginErrorMessage_TC4B" time="0.33"/>
</testsuite> <!-- RegressionTest -->
